<?xml version="1.0" encoding="UTF-8"?>
<!-- Generated by org.testng.reporters.JUnitXMLReporter -->
<testsuite hostname="Amits-MacBook-Air.local" failures="0" tests="2" name="BankingApp Test" time="33.909" errors="0" timestamp="8 Oct 2021 05:33:05 GMT">
  <testcase classname="com.inetBankingV1.TestCases.TC_LoginTest_001" name="loginTest" time="2.581"/>
  <testcase classname="com.inetBankingV1.TestCases.TC_AddCustomerTest_003" name="addNewCustomer" time="18.724"/>
</testsuite> <!-- BankingApp Test -->
